{"name": "GoogleChrome - Проверка, что после оформления заказа его номер появляется в разделе В работе", "status": "broken", "statusDetails": {"message": "selenium.common.exceptions.TimeoutException: Message: \nStacktrace:\n\tGetHandleVerifier [0x00007FF7142FEEB2+31554]\n\t(No symbol) [0x00007FF714277EE9]\n\t(No symbol) [0x00007FF71413872A]\n\t(No symbol) [0x00007FF714188434]\n\t(No symbol) [0x00007FF71418853C]\n\t(No symbol) [0x00007FF7141CF6A7]\n\t(No symbol) [0x00007FF7141AD06F]\n\t(No symbol) [0x00007FF7141CC977]\n\t(No symbol) [0x00007FF7141ACDD3]\n\t(No symbol) [0x00007FF71417A33B]\n\t(No symbol) [0x00007FF71417AED1]\n\tGetHandleVerifier [0x00007FF714608B2D+3217341]\n\tGetHandleVerifier [0x00007FF714655AF3+3532675]\n\tGetHandleVerifier [0x00007FF71464B0F0+3489152]\n\tGetHandleVerifier [0x00007FF7143AE786+750614]\n\t(No symbol) [0x00007FF71428376F]\n\t(No symbol) [0x00007FF71427EB24]\n\t(No symbol) [0x00007FF71427ECB2]\n\t(No symbol) [0x00007FF71426E17F]\n\tBaseThreadInitThunk [0x00007FF920AB7034+20]\n\tRtlUserThreadStart [0x00007FF9220A2651+33]", "trace": "self = <tests.test_orders_list_page.TestOrdersListPage object at 0x000001E26D640470>\ndriver_chrome = <selenium.webdriver.chrome.webdriver.WebDriver (session=\"64ec09a319adf4e4e44fd8bdef42a91c\")>\nregister_new_user_and_get_data = ['iqzrb@yayaya.com', 'ybjnvhixuz', 'znktmmirxf']\n\n    @allure.title(\"GoogleChrome - Проверка, что после оформления заказа его номер появляется в разделе В работе\")\n    def test_check_order_in_getting_ready_list_chrome(self, driver_chrome, register_new_user_and_get_data):\n        order_list_page = OrdersListPage(driver_chrome)\n        login_page = LoginPage(driver_chrome)\n        main_page = MainPage(driver_chrome)\n        header_page = HeaderPage(driver_chrome)\n        user_data = register_new_user_and_get_data  # регистрируем нового пользователя, получаем данные для входа\n    \n        login_page.login_new_user(user_data)  # логин\n        main_page.add_ingredient()  # добавляем булку\n        main_page.click_create_order()  # создаем заказ\n        order_id = main_page.get_created_order_id()  # получаем id созданного заказа\n        main_page.close_created_order()  # закрываем окно созданного заказа\n        header_page.click_orders_list_button()  # переходим в ленту заказов\n        order_list_page.find_orders_list_title()  # ждем загрузки страницы\n    \n>       assert order_list_page.find_order_in_getting_ready_list(order_id)\n\ntests\\test_orders_list_page.py:104: \n_ _ _ _ _ _ _ _ _ _ _ _ _ _ _ _ _ _ _ _ _ _ _ _ _ _ _ _ _ _ _ _ _ _ _ _ _ _ _ _ _ _ _ _ _ _ _ _ _ _ _ _ _ _ _ _ _ _ _ _ _ _ _ _ _ _ _ _ _ _ _ _ _ _ _ _ _ _ _ _ _ \npages\\orders_list_page.py:36: in find_order_in_getting_ready_list\n    return self.wait_and_find_element(formatted_locator)\npages\\base_page.py:14: in wait_and_find_element\n    WebDriverWait(self.driver, 5).until(expected_conditions.visibility_of_element_located(locator))\n_ _ _ _ _ _ _ _ _ _ _ _ _ _ _ _ _ _ _ _ _ _ _ _ _ _ _ _ _ _ _ _ _ _ _ _ _ _ _ _ _ _ _ _ _ _ _ _ _ _ _ _ _ _ _ _ _ _ _ _ _ _ _ _ _ _ _ _ _ _ _ _ _ _ _ _ _ _ _ _ _ \n\nself = <selenium.webdriver.support.wait.WebDriverWait (session=\"64ec09a319adf4e4e44fd8bdef42a91c\")>\nmethod = <function visibility_of_element_located.<locals>._predicate at 0x000001E26D341080>, message = ''\n\n    def until(self, method: Callable[[D], Union[Literal[False], T]], message: str = \"\") -> T:\n        \"\"\"Calls the method provided with the driver as an argument until the \\\n        return value does not evaluate to ``False``.\n    \n        :param method: callable(WebDriver)\n        :param message: optional message for :exc:`TimeoutException`\n        :returns: the result of the last call to `method`\n        :raises: :exc:`selenium.common.exceptions.TimeoutException` if timeout occurs\n        \"\"\"\n        screen = None\n        stacktrace = None\n    \n        end_time = time.monotonic() + self._timeout\n        while True:\n            try:\n                value = method(self._driver)\n                if value:\n                    return value\n            except self._ignored_exceptions as exc:\n                screen = getattr(exc, \"screen\", None)\n                stacktrace = getattr(exc, \"stacktrace\", None)\n            time.sleep(self._poll)\n            if time.monotonic() > end_time:\n                break\n>       raise TimeoutException(message, screen, stacktrace)\nE       selenium.common.exceptions.TimeoutException: Message: \nE       Stacktrace:\nE       \tGetHandleVerifier [0x00007FF7142FEEB2+31554]\nE       \t(No symbol) [0x00007FF714277EE9]\nE       \t(No symbol) [0x00007FF71413872A]\nE       \t(No symbol) [0x00007FF714188434]\nE       \t(No symbol) [0x00007FF71418853C]\nE       \t(No symbol) [0x00007FF7141CF6A7]\nE       \t(No symbol) [0x00007FF7141AD06F]\nE       \t(No symbol) [0x00007FF7141CC977]\nE       \t(No symbol) [0x00007FF7141ACDD3]\nE       \t(No symbol) [0x00007FF71417A33B]\nE       \t(No symbol) [0x00007FF71417AED1]\nE       \tGetHandleVerifier [0x00007FF714608B2D+3217341]\nE       \tGetHandleVerifier [0x00007FF714655AF3+3532675]\nE       \tGetHandleVerifier [0x00007FF71464B0F0+3489152]\nE       \tGetHandleVerifier [0x00007FF7143AE786+750614]\nE       \t(No symbol) [0x00007FF71428376F]\nE       \t(No symbol) [0x00007FF71427EB24]\nE       \t(No symbol) [0x00007FF71427ECB2]\nE       \t(No symbol) [0x00007FF71426E17F]\nE       \tBaseThreadInitThunk [0x00007FF920AB7034+20]\nE       \tRtlUserThreadStart [0x00007FF9220A2651+33]\n\n..\\..\\..\\..\\AppData\\Local\\Programs\\Python\\Python312\\Lib\\site-packages\\selenium\\webdriver\\support\\wait.py:105: TimeoutException"}, "steps": [{"name": "Логинимся в UI пользователем, который был создан в API", "status": "passed", "steps": [{"name": "Ждем, что пропадет элемент modal_modal", "status": "passed", "start": 1722457868838, "stop": 1722457869374}], "parameters": [{"name": "user_data", "value": "['iqzrb@yayaya.com', 'ybjnvhixuz', 'znktmmirxf']"}], "start": 1722457868723, "stop": 1722457869573}, {"name": "Добавляем ингредиент с помощью drag-and-drop", "status": "passed", "start": 1722457869573, "stop": 1722457870671}, {"name": "Нажимаем на кнопку Оформить заказ", "status": "passed", "start": 1722457870671, "stop": 1722457870735}, {"name": "Получаем ID созданного заказа", "status": "passed", "steps": [{"name": "Ждем, что пропадет элемент modal_loading после оформления заказа", "status": "passed", "start": 1722457870735, "stop": 1722457870748}], "start": 1722457870735, "stop": 1722457870784}, {"name": "Нажимаем на кнопку Оформить заказ", "status": "passed", "steps": [{"name": "Ждем, что пропадет элемент modal_loading после оформления заказа", "status": "passed", "start": 1722457870784, "stop": 1722457872857}], "start": 1722457870784, "stop": 1722457872926}, {"name": "Нажатие по кнопке Лента заказов в хэдере", "status": "passed", "steps": [{"name": "Ждем, что пропадет элемент modal_modal", "status": "passed", "start": 1722457872926, "stop": 1722457873462}], "start": 1722457872926, "stop": 1722457873511}, {"name": "Ждем загрузки заголовка Лента заказов", "status": "passed", "start": 1722457873511, "stop": 1722457874060}], "start": 1722457868722, "stop": 1722457879156, "uuid": "57fe17bc-37b2-48c4-a0a8-5a5787a7731d", "historyId": "f3f5c7f99afe680167f6506ca8ddfe7c", "testCaseId": "f3f5c7f99afe680167f6506ca8ddfe7c", "fullName": "tests.test_orders_list_page.TestOrdersListPage#test_check_order_in_getting_ready_list_chrome", "labels": [{"name": "parentSuite", "value": "tests"}, {"name": "suite", "value": "test_orders_list_page"}, {"name": "subSuite", "value": "TestOrdersListPage"}, {"name": "host", "value": "DESKTOP-Q9FKTCA"}, {"name": "thread", "value": "17024-MainThread"}, {"name": "framework", "value": "pytest"}, {"name": "language", "value": "cpython3"}, {"name": "package", "value": "tests.test_orders_list_page"}]}