{"name": "Firefox - Проверка, что заказ из раздела «История заказов» отображается на странице «Лента заказов»", "status": "broken", "statusDetails": {"message": "selenium.common.exceptions.ElementClickInterceptedException: Message: Element <a class=\"Account_link__2ETsJ text text_type_main-medium text_color_inactive\" href=\"/account/order-history\"> is not clickable at point (171,307) because another element <div class=\"Modal_modal_overlay__x2ZCr\"> obscures it\nStacktrace:\nRemoteError@chrome://remote/content/shared/RemoteError.sys.mjs:8:8\nWebDriverError@chrome://remote/content/shared/webdriver/Errors.sys.mjs:193:5\nElementClickInterceptedError@chrome://remote/content/shared/webdriver/Errors.sys.mjs:337:5\nwebdriverClickElement@chrome://remote/content/marionette/interaction.sys.mjs:177:11\ninteraction.clickElement@chrome://remote/content/marionette/interaction.sys.mjs:136:11\nclickElement@chrome://remote/content/marionette/actors/MarionetteCommandsChild.sys.mjs:205:29\nreceiveMessage@chrome://remote/content/marionette/actors/MarionetteCommandsChild.sys.mjs:85:31", "trace": "self = <tests.test_orders_list_page.TestOrdersListPage object at 0x000001E26D6419A0>\ndriver_firefox = <selenium.webdriver.firefox.webdriver.WebDriver (session=\"2c95a19c-00e7-426e-a253-dd15b6230b28\")>\nregister_new_user_and_get_data = ['yhygp@yayaya.com', 'wjvxjvawjv', 'uyrwbxptej']\n\n    @allure.title(\"Firefox - Проверка, что заказ из раздела «История заказов» отображается \"\n                  \"на странице «Лента заказов»\")\n    def test_check_order_in_orders_list_firefox(self, driver_firefox, register_new_user_and_get_data):\n        order_list_page = OrdersListPage(driver_firefox)\n        login_page = LoginPage(driver_firefox)\n        main_page = MainPage(driver_firefox)\n        personal_account_page = PersonalAccountPage(driver_firefox)\n        header_page = HeaderPage(driver_firefox)\n        user_data = register_new_user_and_get_data  # регистрируем нового пользователя, получаем данные для входа\n    \n        login_page.login_new_user(user_data)  # логин\n        main_page.add_ingredient()  # добавляем булку\n        main_page.click_create_order()  # создаем заказ\n        main_page.close_created_order()  # закрываем окно созданного заказа\n        header_page.click_personal_account_button()  # переходим в личный кабинет\n>       personal_account_page.click_order_history()  # переходим в историю заказов\n\ntests\\test_orders_list_page.py:130: \n_ _ _ _ _ _ _ _ _ _ _ _ _ _ _ _ _ _ _ _ _ _ _ _ _ _ _ _ _ _ _ _ _ _ _ _ _ _ _ _ _ _ _ _ _ _ _ _ _ _ _ _ _ _ _ _ _ _ _ _ _ _ _ _ _ _ _ _ _ _ _ _ _ _ _ _ _ _ _ _ _ \npages\\personal_account_page.py:29: in click_order_history\n    self.wait_and_click_element(PersonalAccountPageLocators.ORDER_HISTORY_TAB)\npages\\base_page.py:19: in wait_and_click_element\n    return self.driver.find_element(*locator).click()\n..\\..\\..\\..\\AppData\\Local\\Programs\\Python\\Python312\\Lib\\site-packages\\selenium\\webdriver\\remote\\webelement.py:94: in click\n    self._execute(Command.CLICK_ELEMENT)\n..\\..\\..\\..\\AppData\\Local\\Programs\\Python\\Python312\\Lib\\site-packages\\selenium\\webdriver\\remote\\webelement.py:395: in _execute\n    return self._parent.execute(command, params)\n..\\..\\..\\..\\AppData\\Local\\Programs\\Python\\Python312\\Lib\\site-packages\\selenium\\webdriver\\remote\\webdriver.py:347: in execute\n    self.error_handler.check_response(response)\n_ _ _ _ _ _ _ _ _ _ _ _ _ _ _ _ _ _ _ _ _ _ _ _ _ _ _ _ _ _ _ _ _ _ _ _ _ _ _ _ _ _ _ _ _ _ _ _ _ _ _ _ _ _ _ _ _ _ _ _ _ _ _ _ _ _ _ _ _ _ _ _ _ _ _ _ _ _ _ _ _ \n\nself = <selenium.webdriver.remote.errorhandler.ErrorHandler object at 0x000001E26D677410>\nresponse = {'status': 400, 'value': '{\"value\":{\"error\":\"element click intercepted\",\"message\":\"Element <a class=\\\\\"Account_link__2...sys.mjs:205:29\\\\nreceiveMessage@chrome://remote/content/marionette/actors/MarionetteCommandsChild.sys.mjs:85:31\\\\n\"}}'}\n\n    def check_response(self, response: Dict[str, Any]) -> None:\n        \"\"\"Checks that a JSON response from the WebDriver does not have an\n        error.\n    \n        :Args:\n         - response - The JSON response from the WebDriver server as a dictionary\n           object.\n    \n        :Raises: If the response contains an error message.\n        \"\"\"\n        status = response.get(\"status\", None)\n        if not status or status == ErrorCode.SUCCESS:\n            return\n        value = None\n        message = response.get(\"message\", \"\")\n        screen: str = response.get(\"screen\", \"\")\n        stacktrace = None\n        if isinstance(status, int):\n            value_json = response.get(\"value\", None)\n            if value_json and isinstance(value_json, str):\n                import json\n    \n                try:\n                    value = json.loads(value_json)\n                    if len(value) == 1:\n                        value = value[\"value\"]\n                    status = value.get(\"error\", None)\n                    if not status:\n                        status = value.get(\"status\", ErrorCode.UNKNOWN_ERROR)\n                        message = value.get(\"value\") or value.get(\"message\")\n                        if not isinstance(message, str):\n                            value = message\n                            message = message.get(\"message\")\n                    else:\n                        message = value.get(\"message\", None)\n                except ValueError:\n                    pass\n    \n        exception_class: Type[WebDriverException]\n        e = ErrorCode()\n        error_codes = [item for item in dir(e) if not item.startswith(\"__\")]\n        for error_code in error_codes:\n            error_info = getattr(ErrorCode, error_code)\n            if isinstance(error_info, list) and status in error_info:\n                exception_class = getattr(ExceptionMapping, error_code, WebDriverException)\n                break\n        else:\n            exception_class = WebDriverException\n    \n        if not value:\n            value = response[\"value\"]\n        if isinstance(value, str):\n            raise exception_class(value)\n        if message == \"\" and \"message\" in value:\n            message = value[\"message\"]\n    \n        screen = None  # type: ignore[assignment]\n        if \"screen\" in value:\n            screen = value[\"screen\"]\n    \n        stacktrace = None\n        st_value = value.get(\"stackTrace\") or value.get(\"stacktrace\")\n        if st_value:\n            if isinstance(st_value, str):\n                stacktrace = st_value.split(\"\\n\")\n            else:\n                stacktrace = []\n                try:\n                    for frame in st_value:\n                        line = frame.get(\"lineNumber\", \"\")\n                        file = frame.get(\"fileName\", \"<anonymous>\")\n                        if line:\n                            file = f\"{file}:{line}\"\n                        meth = frame.get(\"methodName\", \"<anonymous>\")\n                        if \"className\" in frame:\n                            meth = f\"{frame['className']}.{meth}\"\n                        msg = \"    at %s (%s)\"\n                        msg = msg % (meth, file)\n                        stacktrace.append(msg)\n                except TypeError:\n                    pass\n        if exception_class == UnexpectedAlertPresentException:\n            alert_text = None\n            if \"data\" in value:\n                alert_text = value[\"data\"].get(\"text\")\n            elif \"alert\" in value:\n                alert_text = value[\"alert\"].get(\"text\")\n            raise exception_class(message, screen, stacktrace, alert_text)  # type: ignore[call-arg]  # mypy is not smart enough here\n>       raise exception_class(message, screen, stacktrace)\nE       selenium.common.exceptions.ElementClickInterceptedException: Message: Element <a class=\"Account_link__2ETsJ text text_type_main-medium text_color_inactive\" href=\"/account/order-history\"> is not clickable at point (171,307) because another element <div class=\"Modal_modal_overlay__x2ZCr\"> obscures it\nE       Stacktrace:\nE       RemoteError@chrome://remote/content/shared/RemoteError.sys.mjs:8:8\nE       WebDriverError@chrome://remote/content/shared/webdriver/Errors.sys.mjs:193:5\nE       ElementClickInterceptedError@chrome://remote/content/shared/webdriver/Errors.sys.mjs:337:5\nE       webdriverClickElement@chrome://remote/content/marionette/interaction.sys.mjs:177:11\nE       interaction.clickElement@chrome://remote/content/marionette/interaction.sys.mjs:136:11\nE       clickElement@chrome://remote/content/marionette/actors/MarionetteCommandsChild.sys.mjs:205:29\nE       receiveMessage@chrome://remote/content/marionette/actors/MarionetteCommandsChild.sys.mjs:85:31\n\n..\\..\\..\\..\\AppData\\Local\\Programs\\Python\\Python312\\Lib\\site-packages\\selenium\\webdriver\\remote\\errorhandler.py:229: ElementClickInterceptedException"}, "steps": [{"name": "Логинимся в UI пользователем, который был создан в API", "status": "passed", "steps": [{"name": "Ждем, что пропадет элемент modal_modal", "status": "passed", "start": 1722457912162, "stop": 1722457912742}], "parameters": [{"name": "user_data", "value": "['yhygp@yayaya.com', 'wjvxjvawjv', 'uyrwbxptej']"}], "start": 1722457909798, "stop": 1722457913123}, {"name": "Добавляем ингредиент с помощью drag-and-drop", "status": "passed", "start": 1722457913123, "stop": 1722457914804}, {"name": "Нажимаем на кнопку Оформить заказ", "status": "passed", "start": 1722457914805, "stop": 1722457915030}, {"name": "Нажимаем на кнопку Оформить заказ", "status": "passed", "steps": [{"name": "Ждем, что пропадет элемент modal_loading после оформления заказа", "status": "passed", "start": 1722457915030, "stop": 1722457915040}], "start": 1722457915030, "stop": 1722457915265}, {"name": "Нажатие по кнопке Личный кабинет в хэдере", "status": "passed", "steps": [{"name": "Ждем, что пропадет элемент modal_modal", "status": "passed", "start": 1722457915265, "stop": 1722457915285}], "start": 1722457915265, "stop": 1722457915515}, {"name": "Нажатие по табу История заказов в личном кабинете", "status": "broken", "statusDetails": {"message": "selenium.common.exceptions.ElementClickInterceptedException: Message: Element <a class=\"Account_link__2ETsJ text text_type_main-medium text_color_inactive\" href=\"/account/order-history\"> is not clickable at point (171,307) because another element <div class=\"Modal_modal_overlay__x2ZCr\"> obscures it\nStacktrace:\nRemoteError@chrome://remote/content/shared/RemoteError.sys.mjs:8:8\nWebDriverError@chrome://remote/content/shared/webdriver/Errors.sys.mjs:193:5\nElementClickInterceptedError@chrome://remote/content/shared/webdriver/Errors.sys.mjs:337:5\nwebdriverClickElement@chrome://remote/content/marionette/interaction.sys.mjs:177:11\ninteraction.clickElement@chrome://remote/content/marionette/interaction.sys.mjs:136:11\nclickElement@chrome://remote/content/marionette/actors/MarionetteCommandsChild.sys.mjs:205:29\nreceiveMessage@chrome://remote/content/marionette/actors/MarionetteCommandsChild.sys.mjs:85:31\n\n", "trace": "  File \"C:\\Users\\learn i t!!!\\AppData\\Local\\Programs\\Python\\Python312\\Lib\\site-packages\\allure_commons\\_allure.py\", line 192, in impl\n    return func(*a, **kw)\n           ^^^^^^^^^^^^^^\n  File \"C:\\Users\\learn i t!!!\\Desktop\\QA\\Diplom_Konev_Alexey_6\\Diplom_3\\pages\\personal_account_page.py\", line 29, in click_order_history\n    self.wait_and_click_element(PersonalAccountPageLocators.ORDER_HISTORY_TAB)\n  File \"C:\\Users\\learn i t!!!\\Desktop\\QA\\Diplom_Konev_Alexey_6\\Diplom_3\\pages\\base_page.py\", line 19, in wait_and_click_element\n    return self.driver.find_element(*locator).click()\n           ^^^^^^^^^^^^^^^^^^^^^^^^^^^^^^^^^^^^^^^^^^\n  File \"C:\\Users\\learn i t!!!\\AppData\\Local\\Programs\\Python\\Python312\\Lib\\site-packages\\selenium\\webdriver\\remote\\webelement.py\", line 94, in click\n    self._execute(Command.CLICK_ELEMENT)\n  File \"C:\\Users\\learn i t!!!\\AppData\\Local\\Programs\\Python\\Python312\\Lib\\site-packages\\selenium\\webdriver\\remote\\webelement.py\", line 395, in _execute\n    return self._parent.execute(command, params)\n           ^^^^^^^^^^^^^^^^^^^^^^^^^^^^^^^^^^^^^\n  File \"C:\\Users\\learn i t!!!\\AppData\\Local\\Programs\\Python\\Python312\\Lib\\site-packages\\selenium\\webdriver\\remote\\webdriver.py\", line 347, in execute\n    self.error_handler.check_response(response)\n  File \"C:\\Users\\learn i t!!!\\AppData\\Local\\Programs\\Python\\Python312\\Lib\\site-packages\\selenium\\webdriver\\remote\\errorhandler.py\", line 229, in check_response\n    raise exception_class(message, screen, stacktrace)\n"}, "steps": [{"name": "Ждем, что пропадют элементы modal_modal", "status": "passed", "steps": [{"name": "Ждем, что пропадет элемент div modal_modal", "status": "passed", "start": 1722457915515, "stop": 1722457915523}, {"name": "Ждем, что пропадет элемент section modal_modal", "status": "passed", "start": 1722457915523, "stop": 1722457915531}], "start": 1722457915515, "stop": 1722457915531}], "start": 1722457915515, "stop": 1722457915548}], "start": 1722457909798, "stop": 1722457915577, "uuid": "02060455-fadd-4660-b626-343ae376b769", "historyId": "92c883c25af521220f6a5cc4ee15af53", "testCaseId": "92c883c25af521220f6a5cc4ee15af53", "fullName": "tests.test_orders_list_page.TestOrdersListPage#test_check_order_in_orders_list_firefox", "labels": [{"name": "parentSuite", "value": "tests"}, {"name": "suite", "value": "test_orders_list_page"}, {"name": "subSuite", "value": "TestOrdersListPage"}, {"name": "host", "value": "DESKTOP-Q9FKTCA"}, {"name": "thread", "value": "17024-MainThread"}, {"name": "framework", "value": "pytest"}, {"name": "language", "value": "cpython3"}, {"name": "package", "value": "tests.test_orders_list_page"}]}